<?xml version="1.0" encoding="UTF-8"?>
<!-- Generated by org.testng.reporters.JUnitReportReporter -->
<testsuite hostname="LAPTOP-5SK5IIJD" failures="0" tests="1" name="com.sushen.selenium.Demo" time="0.200" errors="0" timestamp="2021-10-15T13:44:08 IST" skipped="0">
  <testcase classname="com.sushen.selenium.Demo" name="m1" time="0.200"/>
  <system-out/>
</testsuite> <!-- com.sushen.selenium.Demo -->
